2017-09-01 12:01:13 | ERROR | main       | nitoring.Application:51    | No input argument
2017-09-01 12:01:13 | ERROR | main       | nitoring.Application:52    | test
2017-09-01 17:25:20 | ERROR | main       | ShellManagerTest    :42    | java.net.UnknownHostException: "files.000webhost.com": nodename nor servname provided, or not known
2017-09-01 17:25:44 | ERROR | main       | ShellManagerTest    :42    | java.net.UnknownHostException: "files.000webhost.com": nodename nor servname provided, or not known
2017-09-01 17:33:03 | ERROR | main       | ShellManagerTest    :42    | java.net.UnknownHostException: "files.000webhost.com": nodename nor servname provided, or not known
2017-09-01 17:37:48 | ERROR | main       | ShellManagerTest    :42    | java.io.FileNotFoundException: ls (No such file or directory)
2017-09-01 17:37:55 | ERROR | main       | ShellManagerTest    :42    | java.net.UnknownHostException: "files.000webhost.com": nodename nor servname provided, or not known
2017-09-01 17:38:03 | ERROR | main       | ShellManagerTest    :42    | java.net.UnknownHostException: "files.000webhost.com": nodename nor servname provided, or not known
2017-09-01 17:42:40 | ERROR | main       | ShellManagerTest    :42    | java.io.FileNotFoundException: ls (No such file or directory)
2017-09-01 18:00:31 | ERROR | main       | g.shell.ShellManager:57    | Error in ftp connection
java.io.FileNotFoundException: build
build.gradle
gradle
gradlew
gradlew.bat
logs
majika-drive-sample.iml
out
settings.gradle
src
 (No such file or directory)
	at java.io.FileInputStream.open0(Native Method) ~[?:1.8.0_121]
	at java.io.FileInputStream.open(FileInputStream.java:195) ~[?:1.8.0_121]
	at java.io.FileInputStream.<init>(FileInputStream.java:138) ~[?:1.8.0_121]
	at java.io.FileInputStream.<init>(FileInputStream.java:93) ~[?:1.8.0_121]
	at org.majika.monitoring.shell.ShellManager.executeShellCommand(ShellManager.java:53) [classes/:?]
	at ShellManagerTest.testExecuteShellCommand(ShellManagerTest.java:36) [classes/:?]
	at sun.reflect.NativeMethodAccessorImpl.invoke0(Native Method) ~[?:1.8.0_121]
	at sun.reflect.NativeMethodAccessorImpl.invoke(NativeMethodAccessorImpl.java:62) ~[?:1.8.0_121]
	at sun.reflect.DelegatingMethodAccessorImpl.invoke(DelegatingMethodAccessorImpl.java:43) ~[?:1.8.0_121]
	at java.lang.reflect.Method.invoke(Method.java:498) ~[?:1.8.0_121]
	at org.junit.runners.model.FrameworkMethod$1.runReflectiveCall(FrameworkMethod.java:45) [junit-4.10.jar:?]
	at org.junit.internal.runners.model.ReflectiveCallable.run(ReflectiveCallable.java:15) [junit-4.10.jar:?]
	at org.junit.runners.model.FrameworkMethod.invokeExplosively(FrameworkMethod.java:42) [junit-4.10.jar:?]
	at org.junit.internal.runners.statements.InvokeMethod.evaluate(InvokeMethod.java:20) [junit-4.10.jar:?]
	at org.junit.runners.ParentRunner.runLeaf(ParentRunner.java:263) [junit-4.10.jar:?]
	at org.junit.runners.BlockJUnit4ClassRunner.runChild(BlockJUnit4ClassRunner.java:68) [junit-4.10.jar:?]
	at org.junit.runners.BlockJUnit4ClassRunner.runChild(BlockJUnit4ClassRunner.java:47) [junit-4.10.jar:?]
	at org.junit.runners.ParentRunner$3.run(ParentRunner.java:231) [junit-4.10.jar:?]
	at org.junit.runners.ParentRunner$1.schedule(ParentRunner.java:60) [junit-4.10.jar:?]
	at org.junit.runners.ParentRunner.runChildren(ParentRunner.java:229) [junit-4.10.jar:?]
	at org.junit.runners.ParentRunner.access$000(ParentRunner.java:50) [junit-4.10.jar:?]
	at org.junit.runners.ParentRunner$2.evaluate(ParentRunner.java:222) [junit-4.10.jar:?]
	at org.junit.runners.ParentRunner.run(ParentRunner.java:300) [junit-4.10.jar:?]
	at org.junit.runner.JUnitCore.run(JUnitCore.java:157) [junit-4.10.jar:?]
	at com.intellij.junit4.JUnit4IdeaTestRunner.startRunnerWithArgs(JUnit4IdeaTestRunner.java:68) [junit-rt.jar:?]
	at com.intellij.rt.execution.junit.IdeaTestRunner$Repeater.startRunnerWithArgs(IdeaTestRunner.java:47) [junit-rt.jar:?]
	at com.intellij.rt.execution.junit.JUnitStarter.prepareStreamsAndStart(JUnitStarter.java:242) [junit-rt.jar:?]
	at com.intellij.rt.execution.junit.JUnitStarter.main(JUnitStarter.java:70) [junit-rt.jar:?]
2017-09-01 18:07:59 | ERROR | main       | g.shell.ShellManager:57    | Error in ftp connection
java.io.FileNotFoundException: build
build.gradle
gradle
gradlew
gradlew.bat
logs
majika-drive-sample.iml
out
settings.gradle
src
 (No such file or directory)
	at java.io.FileInputStream.open0(Native Method) ~[?:1.8.0_121]
	at java.io.FileInputStream.open(FileInputStream.java:195) ~[?:1.8.0_121]
	at java.io.FileInputStream.<init>(FileInputStream.java:138) ~[?:1.8.0_121]
	at java.io.FileInputStream.<init>(FileInputStream.java:93) ~[?:1.8.0_121]
	at org.majika.monitoring.shell.ShellManager.executeShellCommand(ShellManager.java:53) [classes/:?]
	at ShellManagerTest.testExecuteShellCommand(ShellManagerTest.java:36) [classes/:?]
	at sun.reflect.NativeMethodAccessorImpl.invoke0(Native Method) ~[?:1.8.0_121]
	at sun.reflect.NativeMethodAccessorImpl.invoke(NativeMethodAccessorImpl.java:62) ~[?:1.8.0_121]
	at sun.reflect.DelegatingMethodAccessorImpl.invoke(DelegatingMethodAccessorImpl.java:43) ~[?:1.8.0_121]
	at java.lang.reflect.Method.invoke(Method.java:498) ~[?:1.8.0_121]
	at org.junit.runners.model.FrameworkMethod$1.runReflectiveCall(FrameworkMethod.java:45) [junit-4.10.jar:?]
	at org.junit.internal.runners.model.ReflectiveCallable.run(ReflectiveCallable.java:15) [junit-4.10.jar:?]
	at org.junit.runners.model.FrameworkMethod.invokeExplosively(FrameworkMethod.java:42) [junit-4.10.jar:?]
	at org.junit.internal.runners.statements.InvokeMethod.evaluate(InvokeMethod.java:20) [junit-4.10.jar:?]
	at org.junit.runners.ParentRunner.runLeaf(ParentRunner.java:263) [junit-4.10.jar:?]
	at org.junit.runners.BlockJUnit4ClassRunner.runChild(BlockJUnit4ClassRunner.java:68) [junit-4.10.jar:?]
	at org.junit.runners.BlockJUnit4ClassRunner.runChild(BlockJUnit4ClassRunner.java:47) [junit-4.10.jar:?]
	at org.junit.runners.ParentRunner$3.run(ParentRunner.java:231) [junit-4.10.jar:?]
	at org.junit.runners.ParentRunner$1.schedule(ParentRunner.java:60) [junit-4.10.jar:?]
	at org.junit.runners.ParentRunner.runChildren(ParentRunner.java:229) [junit-4.10.jar:?]
	at org.junit.runners.ParentRunner.access$000(ParentRunner.java:50) [junit-4.10.jar:?]
	at org.junit.runners.ParentRunner$2.evaluate(ParentRunner.java:222) [junit-4.10.jar:?]
	at org.junit.runners.ParentRunner.run(ParentRunner.java:300) [junit-4.10.jar:?]
	at org.junit.runner.JUnitCore.run(JUnitCore.java:157) [junit-4.10.jar:?]
	at com.intellij.junit4.JUnit4IdeaTestRunner.startRunnerWithArgs(JUnit4IdeaTestRunner.java:68) [junit-rt.jar:?]
	at com.intellij.rt.execution.junit.IdeaTestRunner$Repeater.startRunnerWithArgs(IdeaTestRunner.java:47) [junit-rt.jar:?]
	at com.intellij.rt.execution.junit.JUnitStarter.prepareStreamsAndStart(JUnitStarter.java:242) [junit-rt.jar:?]
	at com.intellij.rt.execution.junit.JUnitStarter.main(JUnitStarter.java:70) [junit-rt.jar:?]
2017-09-01 18:18:06 | ERROR | main       | ShellManagerTest    :45    | java.net.UnknownHostException: files.000webhost.com: nodename nor servname provided, or not known
2017-09-01 18:18:59 | ERROR | main       | ShellManagerTest    :45    | java.net.UnknownHostException: files.000webhost.com: nodename nor servname provided, or not known
